<?xml version="1.0" encoding="UTF-8"?>
<testng-results ignored="0" total="1" passed="1" failed="0" skipped="0">
  <reporter-output>
  </reporter-output>
  <suite started-at="2022-07-25T08:24:15 IST" name=" inetBanking" finished-at="2022-07-25T08:24:33 IST" duration-ms="18083">
    <groups>
    </groups>
    <test started-at="2022-07-25T08:24:15 IST" name="test banking" finished-at="2022-07-25T08:24:33 IST" duration-ms="18083">
      <class name="inetBanking.testcases.TC_LoginTest_001">
        <test-method is-config="true" signature="setup(java.lang.String)[pri:0, instance:inetBanking.testcases.TC_LoginTest_001@1ca3b418]" started-at="2022-07-25T08:24:15 IST" name="setup" finished-at="2022-07-25T08:24:25 IST" duration-ms="9726" status="PASS">
          <params>
            <param index="0">
              <value>
                <![CDATA[chrome]]>
              </value>
            </param>
          </params>
          <reporter-output>
          </reporter-output>
        </test-method> <!-- setup -->
        <test-method signature="loginTest()[pri:0, instance:inetBanking.testcases.TC_LoginTest_001@1ca3b418]" started-at="2022-07-25T08:24:25 IST" name="loginTest" finished-at="2022-07-25T08:24:33 IST" duration-ms="8000" status="PASS">
          <reporter-output>
          </reporter-output>
        </test-method> <!-- loginTest -->
        <test-method is-config="true" signature="tearDown()[pri:0, instance:inetBanking.testcases.TC_LoginTest_001@1ca3b418]" started-at="2022-07-25T08:24:33 IST" name="tearDown" finished-at="2022-07-25T08:24:33 IST" duration-ms="184" status="PASS">
          <reporter-output>
          </reporter-output>
        </test-method> <!-- tearDown -->
      </class> <!-- inetBanking.testcases.TC_LoginTest_001 -->
    </test> <!-- test banking -->
  </suite> <!--  inetBanking -->
</testng-results>
